2021-12-24 02:02:24,419 desktop-jkrbp28 covid-monitor-core-dev.jar[6236] INFO  [io.quarkus] (Quarkus Main Thread) covid-monitor-core 1.0.0-SNAPSHOT on JVM (powered by Quarkus 2.5.4.Final) started in 0.630s. Listening on: http://localhost:8080
2021-12-24 02:02:24,419 desktop-jkrbp28 covid-monitor-core-dev.jar[6236] INFO  [io.quarkus] (Quarkus Main Thread) Profile dev activated. Live Coding activated.
2021-12-24 02:02:24,419 desktop-jkrbp28 covid-monitor-core-dev.jar[6236] INFO  [io.quarkus] (Quarkus Main Thread) Installed features: [agroal, cdi, hibernate-orm, jdbc-postgresql, narayana-jta, smallrye-context-propagation, smallrye-graphql, vertx]
2021-12-24 02:02:24,419 desktop-jkrbp28 covid-monitor-core-dev.jar[6236] INFO  [io.qua.dep.dev.RuntimeUpdatesProcessor] (vert.x-worker-thread-0) Live reload total time: 0.647s 
2021-12-24 02:02:27,186 desktop-jkrbp28 covid-monitor-core-dev.jar[6236] ERROR [com.bla.cov.bou.CovidDataResource] (vert.x-worker-thread-0) Input date cannot be parsed (incorrect format)
2021-12-24 02:54:23,498 desktop-jkrbp28 covid-monitor-core-dev.jar[24496] WARN  [io.qua.config] (Quarkus Main Thread) Unrecognized configuration key "quarkus.hibernate-orm.jdbc.scripts.generation" was provided; it will be ignored; verify that the dependency extension for this configuration is set or that you did not make a typo
2021-12-24 02:54:23,893 desktop-jkrbp28 covid-monitor-core-dev.jar[24496] WARN  [io.qua.run.con.ConfigRecorder] (Quarkus Main Thread) Build time property cannot be changed at runtime:
 - quarkus.smallrye-graphql.print-data-fetcher-exception was 'null' at build time and is now 'true'
2021-12-24 02:54:24,210 desktop-jkrbp28 covid-monitor-core-dev.jar[24496] INFO  [io.quarkus] (Quarkus Main Thread) covid-monitor-core 1.0.0-SNAPSHOT on JVM (powered by Quarkus 2.5.4.Final) started in 2.458s. Listening on: http://localhost:8080
2021-12-24 02:54:24,210 desktop-jkrbp28 covid-monitor-core-dev.jar[24496] INFO  [io.quarkus] (Quarkus Main Thread) Profile dev activated. Live Coding activated.
2021-12-24 02:54:24,210 desktop-jkrbp28 covid-monitor-core-dev.jar[24496] INFO  [io.quarkus] (Quarkus Main Thread) Installed features: [agroal, cdi, hibernate-orm, jdbc-postgresql, narayana-jta, smallrye-context-propagation, smallrye-graphql, vertx]
2021-12-24 02:55:45,852 desktop-jkrbp28 covid-monitor-core-dev.jar[24496] INFO  [com.bla.cov.pro.con.CustomPolandDataProviderService] (vert.x-worker-thread-0) Data Provider initialized
2021-12-24 02:55:45,853 desktop-jkrbp28 covid-monitor-core-dev.jar[24496] INFO  [com.bla.cov.pro.con.CustomPolandDataProviderService] (vert.x-worker-thread-0) Starting to collect data...
2021-12-24 02:55:46,105 desktop-jkrbp28 covid-monitor-core-dev.jar[24496] ERROR [io.sma.graphql] (vert.x-worker-thread-0) SRGQL012000: Data Fetching Error: java.lang.NullPointerException: Cannot invoke "org.jsoup.nodes.Element.text()" because "newlyInfected" is null
	at com.blackpoint.covidmonitor.provider.control.CustomPolandDataProviderService.loadData(CustomPolandDataProviderService.java:31)
	at com.blackpoint.covidmonitor.provider.control.CustomPolandDataProviderService_Subclass.loadData$$superforward1(Unknown Source)
	at com.blackpoint.covidmonitor.provider.control.CustomPolandDataProviderService_Subclass$$function$$5.apply(Unknown Source)
	at io.quarkus.arc.impl.AroundInvokeInvocationContext.proceed(AroundInvokeInvocationContext.java:54)
	at io.quarkus.arc.runtime.devconsole.InvocationInterceptor.proceed(InvocationInterceptor.java:62)
	at io.quarkus.arc.runtime.devconsole.InvocationInterceptor.monitor(InvocationInterceptor.java:49)
	at io.quarkus.arc.runtime.devconsole.InvocationInterceptor_Bean.intercept(Unknown Source)
	at io.quarkus.arc.impl.InterceptorInvocation.invoke(InterceptorInvocation.java:41)
	at io.quarkus.arc.impl.AroundInvokeInvocationContext.perform(AroundInvokeInvocationContext.java:41)
	at io.quarkus.arc.impl.InvocationContexts.performAroundInvoke(InvocationContexts.java:32)
	at com.blackpoint.covidmonitor.provider.control.CustomPolandDataProviderService_Subclass.loadData(Unknown Source)
	at com.blackpoint.covidmonitor.provider.control.CustomPolandDataProviderService_ClientProxy.loadData(Unknown Source)
	at com.blackpoint.covidmonitor.provider.boundary.DataProviderResource.startDataProvider(DataProviderResource.java:24)
	at com.blackpoint.covidmonitor.provider.boundary.DataProviderResource_Subclass.startDataProvider$$superforward1(Unknown Source)
	at com.blackpoint.covidmonitor.provider.boundary.DataProviderResource_Subclass$$function$$1.apply(Unknown Source)
	at io.quarkus.arc.impl.AroundInvokeInvocationContext.proceed(AroundInvokeInvocationContext.java:54)
	at io.quarkus.arc.runtime.devconsole.InvocationInterceptor.proceed(InvocationInterceptor.java:62)
	at io.quarkus.arc.runtime.devconsole.InvocationInterceptor.monitor(InvocationInterceptor.java:49)
	at io.quarkus.arc.runtime.devconsole.InvocationInterceptor_Bean.intercept(Unknown Source)
	at io.quarkus.arc.impl.InterceptorInvocation.invoke(InterceptorInvocation.java:41)
	at io.quarkus.arc.impl.AroundInvokeInvocationContext.perform(AroundInvokeInvocationContext.java:41)
	at io.quarkus.arc.impl.InvocationContexts.performAroundInvoke(InvocationContexts.java:32)
	at com.blackpoint.covidmonitor.provider.boundary.DataProviderResource_Subclass.startDataProvider(Unknown Source)
	at java.base/jdk.internal.reflect.NativeMethodAccessorImpl.invoke0(Native Method)
	at java.base/jdk.internal.reflect.NativeMethodAccessorImpl.invoke(NativeMethodAccessorImpl.java:77)
	at java.base/jdk.internal.reflect.DelegatingMethodAccessorImpl.invoke(DelegatingMethodAccessorImpl.java:43)
	at java.base/java.lang.reflect.Method.invoke(Method.java:568)
	at io.smallrye.graphql.execution.datafetcher.helper.ReflectionHelper.invoke(ReflectionHelper.java:84)
	at io.smallrye.graphql.execution.datafetcher.DefaultDataFetcher.invokeAndTransform(DefaultDataFetcher.java:37)
	at io.smallrye.graphql.execution.datafetcher.AbstractDataFetcher.get(AbstractDataFetcher.java:53)
	at graphql.execution.ExecutionStrategy.fetchField(ExecutionStrategy.java:279)
	at graphql.execution.ExecutionStrategy.resolveFieldWithInfo(ExecutionStrategy.java:210)
	at graphql.execution.AsyncExecutionStrategy.execute(AsyncExecutionStrategy.java:60)
	at graphql.execution.Execution.executeOperation(Execution.java:159)
	at graphql.execution.Execution.execute(Execution.java:105)
	at graphql.GraphQL.execute(GraphQL.java:613)
	at graphql.GraphQL.parseValidateAndExecute(GraphQL.java:538)
	at graphql.GraphQL.executeAsync(GraphQL.java:502)
	at graphql.GraphQL.execute(GraphQL.java:433)
	at io.smallrye.graphql.execution.ExecutionService.execute(ExecutionService.java:126)
	at io.quarkus.smallrye.graphql.runtime.SmallRyeGraphQLExecutionHandler.doRequest(SmallRyeGraphQLExecutionHandler.java:299)
	at io.quarkus.smallrye.graphql.runtime.SmallRyeGraphQLExecutionHandler.handlePost(SmallRyeGraphQLExecutionHandler.java:113)
	at io.quarkus.smallrye.graphql.runtime.SmallRyeGraphQLExecutionHandler.doHandle(SmallRyeGraphQLExecutionHandler.java:73)
	at io.quarkus.smallrye.graphql.runtime.SmallRyeGraphQLAbstractHandler.handleWithIdentity(SmallRyeGraphQLAbstractHandler.java:66)
	at io.quarkus.smallrye.graphql.runtime.SmallRyeGraphQLAbstractHandler.handle(SmallRyeGraphQLAbstractHandler.java:48)
	at io.quarkus.smallrye.graphql.runtime.SmallRyeGraphQLAbstractHandler.handle(SmallRyeGraphQLAbstractHandler.java:23)
	at io.vertx.ext.web.impl.BlockingHandlerDecorator.lambda$handle$0(BlockingHandlerDecorator.java:48)
	at io.vertx.core.impl.ContextImpl.lambda$null$0(ContextImpl.java:159)
	at io.vertx.core.impl.AbstractContext.dispatch(AbstractContext.java:100)
	at io.vertx.core.impl.ContextImpl.lambda$executeBlocking$1(ContextImpl.java:157)
	at org.jboss.threads.ContextHandler$1.runWith(ContextHandler.java:18)
	at org.jboss.threads.EnhancedQueueExecutor$Task.run(EnhancedQueueExecutor.java:2449)
	at org.jboss.threads.EnhancedQueueExecutor$ThreadBody.run(EnhancedQueueExecutor.java:1478)
	at org.jboss.threads.DelegatingRunnable.run(DelegatingRunnable.java:29)
	at org.jboss.threads.ThreadLocalResettingRunnable.run(ThreadLocalResettingRunnable.java:29)
	at io.netty.util.concurrent.FastThreadLocalRunnable.run(FastThreadLocalRunnable.java:30)
	at java.base/java.lang.Thread.run(Thread.java:833)

2021-12-24 02:57:14,278 desktop-jkrbp28 covid-monitor-core-dev.jar[24496] WARN  [io.qua.dep.dev.JavaCompilationProvider] (vert.x-worker-thread-0) system modules path not set in conjunction with -source 11, line -1 in [unknown source]
2021-12-24 02:57:14,286 desktop-jkrbp28 covid-monitor-core-dev.jar[24496] INFO  [io.qua.dep.dev.RuntimeUpdatesProcessor] (vert.x-worker-thread-0) Restarting quarkus due to changes in CustomPolandDataProviderService.class.
2021-12-24 02:57:14,306 desktop-jkrbp28 covid-monitor-core-dev.jar[24496] INFO  [io.quarkus] (Quarkus Main Thread) covid-monitor-core stopped in 0.019s
2021-12-24 02:57:14,990 desktop-jkrbp28 covid-monitor-core-dev.jar[24496] INFO  [io.quarkus] (Quarkus Main Thread) covid-monitor-core 1.0.0-SNAPSHOT on JVM (powered by Quarkus 2.5.4.Final) started in 0.681s. Listening on: http://localhost:8080
2021-12-24 02:57:14,991 desktop-jkrbp28 covid-monitor-core-dev.jar[24496] INFO  [io.quarkus] (Quarkus Main Thread) Profile dev activated. Live Coding activated.
2021-12-24 02:57:14,991 desktop-jkrbp28 covid-monitor-core-dev.jar[24496] INFO  [io.quarkus] (Quarkus Main Thread) Installed features: [agroal, cdi, hibernate-orm, jdbc-postgresql, narayana-jta, smallrye-context-propagation, smallrye-graphql, vertx]
2021-12-24 02:57:14,991 desktop-jkrbp28 covid-monitor-core-dev.jar[24496] INFO  [io.qua.dep.dev.RuntimeUpdatesProcessor] (vert.x-worker-thread-0) Live reload total time: 1.495s 
2021-12-24 02:57:16,380 desktop-jkrbp28 covid-monitor-core-dev.jar[24496] INFO  [com.bla.cov.pro.con.CustomPolandDataProviderService] (vert.x-worker-thread-0) Data Provider initialized
2021-12-24 02:57:16,380 desktop-jkrbp28 covid-monitor-core-dev.jar[24496] INFO  [com.bla.cov.pro.con.CustomPolandDataProviderService] (vert.x-worker-thread-0) Starting to collect data...
2021-12-24 02:57:16,467 desktop-jkrbp28 covid-monitor-core-dev.jar[24496] ERROR [io.sma.graphql] (vert.x-worker-thread-0) SRGQL012000: Data Fetching Error: java.lang.NullPointerException: Cannot invoke "org.jsoup.nodes.Element.text()" because "newlyInfected" is null
	at com.blackpoint.covidmonitor.provider.control.CustomPolandDataProviderService.loadData(CustomPolandDataProviderService.java:31)
	at com.blackpoint.covidmonitor.provider.control.CustomPolandDataProviderService_Subclass.loadData$$superforward1(Unknown Source)
	at com.blackpoint.covidmonitor.provider.control.CustomPolandDataProviderService_Subclass$$function$$10.apply(Unknown Source)
	at io.quarkus.arc.impl.AroundInvokeInvocationContext.proceed(AroundInvokeInvocationContext.java:54)
	at io.quarkus.arc.runtime.devconsole.InvocationInterceptor.proceed(InvocationInterceptor.java:62)
	at io.quarkus.arc.runtime.devconsole.InvocationInterceptor.monitor(InvocationInterceptor.java:49)
	at io.quarkus.arc.runtime.devconsole.InvocationInterceptor_Bean.intercept(Unknown Source)
	at io.quarkus.arc.impl.InterceptorInvocation.invoke(InterceptorInvocation.java:41)
	at io.quarkus.arc.impl.AroundInvokeInvocationContext.perform(AroundInvokeInvocationContext.java:41)
	at io.quarkus.arc.impl.InvocationContexts.performAroundInvoke(InvocationContexts.java:32)
	at com.blackpoint.covidmonitor.provider.control.CustomPolandDataProviderService_Subclass.loadData(Unknown Source)
	at com.blackpoint.covidmonitor.provider.control.CustomPolandDataProviderService_ClientProxy.loadData(Unknown Source)
	at com.blackpoint.covidmonitor.provider.boundary.DataProviderResource.startDataProvider(DataProviderResource.java:24)
	at com.blackpoint.covidmonitor.provider.boundary.DataProviderResource_Subclass.startDataProvider$$superforward1(Unknown Source)
	at com.blackpoint.covidmonitor.provider.boundary.DataProviderResource_Subclass$$function$$2.apply(Unknown Source)
	at io.quarkus.arc.impl.AroundInvokeInvocationContext.proceed(AroundInvokeInvocationContext.java:54)
	at io.quarkus.arc.runtime.devconsole.InvocationInterceptor.proceed(InvocationInterceptor.java:62)
	at io.quarkus.arc.runtime.devconsole.InvocationInterceptor.monitor(InvocationInterceptor.java:49)
	at io.quarkus.arc.runtime.devconsole.InvocationInterceptor_Bean.intercept(Unknown Source)
	at io.quarkus.arc.impl.InterceptorInvocation.invoke(InterceptorInvocation.java:41)
	at io.quarkus.arc.impl.AroundInvokeInvocationContext.perform(AroundInvokeInvocationContext.java:41)
	at io.quarkus.arc.impl.InvocationContexts.performAroundInvoke(InvocationContexts.java:32)
	at com.blackpoint.covidmonitor.provider.boundary.DataProviderResource_Subclass.startDataProvider(Unknown Source)
	at java.base/jdk.internal.reflect.NativeMethodAccessorImpl.invoke0(Native Method)
	at java.base/jdk.internal.reflect.NativeMethodAccessorImpl.invoke(NativeMethodAccessorImpl.java:77)
	at java.base/jdk.internal.reflect.DelegatingMethodAccessorImpl.invoke(DelegatingMethodAccessorImpl.java:43)
	at java.base/java.lang.reflect.Method.invoke(Method.java:568)
	at io.smallrye.graphql.execution.datafetcher.helper.ReflectionHelper.invoke(ReflectionHelper.java:84)
	at io.smallrye.graphql.execution.datafetcher.DefaultDataFetcher.invokeAndTransform(DefaultDataFetcher.java:37)
	at io.smallrye.graphql.execution.datafetcher.AbstractDataFetcher.get(AbstractDataFetcher.java:53)
	at graphql.execution.ExecutionStrategy.fetchField(ExecutionStrategy.java:279)
	at graphql.execution.ExecutionStrategy.resolveFieldWithInfo(ExecutionStrategy.java:210)
	at graphql.execution.AsyncExecutionStrategy.execute(AsyncExecutionStrategy.java:60)
	at graphql.execution.Execution.executeOperation(Execution.java:159)
	at graphql.execution.Execution.execute(Execution.java:105)
	at graphql.GraphQL.execute(GraphQL.java:613)
	at graphql.GraphQL.parseValidateAndExecute(GraphQL.java:538)
	at graphql.GraphQL.executeAsync(GraphQL.java:502)
	at graphql.GraphQL.execute(GraphQL.java:433)
	at io.smallrye.graphql.execution.ExecutionService.execute(ExecutionService.java:126)
	at io.quarkus.smallrye.graphql.runtime.SmallRyeGraphQLExecutionHandler.doRequest(SmallRyeGraphQLExecutionHandler.java:299)
	at io.quarkus.smallrye.graphql.runtime.SmallRyeGraphQLExecutionHandler.handlePost(SmallRyeGraphQLExecutionHandler.java:113)
	at io.quarkus.smallrye.graphql.runtime.SmallRyeGraphQLExecutionHandler.doHandle(SmallRyeGraphQLExecutionHandler.java:73)
	at io.quarkus.smallrye.graphql.runtime.SmallRyeGraphQLAbstractHandler.handleWithIdentity(SmallRyeGraphQLAbstractHandler.java:66)
	at io.quarkus.smallrye.graphql.runtime.SmallRyeGraphQLAbstractHandler.handle(SmallRyeGraphQLAbstractHandler.java:48)
	at io.quarkus.smallrye.graphql.runtime.SmallRyeGraphQLAbstractHandler.handle(SmallRyeGraphQLAbstractHandler.java:23)
	at io.vertx.ext.web.impl.BlockingHandlerDecorator.lambda$handle$0(BlockingHandlerDecorator.java:48)
	at io.vertx.core.impl.ContextImpl.lambda$null$0(ContextImpl.java:159)
	at io.vertx.core.impl.AbstractContext.dispatch(AbstractContext.java:100)
	at io.vertx.core.impl.ContextImpl.lambda$executeBlocking$1(ContextImpl.java:157)
	at org.jboss.threads.ContextHandler$1.runWith(ContextHandler.java:18)
	at org.jboss.threads.EnhancedQueueExecutor$Task.run(EnhancedQueueExecutor.java:2449)
	at org.jboss.threads.EnhancedQueueExecutor$ThreadBody.run(EnhancedQueueExecutor.java:1478)
	at org.jboss.threads.DelegatingRunnable.run(DelegatingRunnable.java:29)
	at org.jboss.threads.ThreadLocalResettingRunnable.run(ThreadLocalResettingRunnable.java:29)
	at io.netty.util.concurrent.FastThreadLocalRunnable.run(FastThreadLocalRunnable.java:30)
	at java.base/java.lang.Thread.run(Thread.java:833)

2021-12-24 02:57:49,569 desktop-jkrbp28 covid-monitor-core-dev.jar[24496] WARN  [io.qua.dep.dev.JavaCompilationProvider] (vert.x-worker-thread-0) system modules path not set in conjunction with -source 11, line -1 in [unknown source]
2021-12-24 02:57:49,576 desktop-jkrbp28 covid-monitor-core-dev.jar[24496] INFO  [io.qua.dep.dev.RuntimeUpdatesProcessor] (vert.x-worker-thread-0) Restarting quarkus due to changes in CustomPolandDataProviderService.class.
2021-12-24 02:57:49,585 desktop-jkrbp28 covid-monitor-core-dev.jar[24496] INFO  [io.quarkus] (Quarkus Main Thread) covid-monitor-core stopped in 0.008s
2021-12-24 02:57:50,237 desktop-jkrbp28 covid-monitor-core-dev.jar[24496] INFO  [io.quarkus] (Quarkus Main Thread) covid-monitor-core 1.0.0-SNAPSHOT on JVM (powered by Quarkus 2.5.4.Final) started in 0.649s. Listening on: http://localhost:8080
2021-12-24 02:57:50,238 desktop-jkrbp28 covid-monitor-core-dev.jar[24496] INFO  [io.quarkus] (Quarkus Main Thread) Profile dev activated. Live Coding activated.
2021-12-24 02:57:50,238 desktop-jkrbp28 covid-monitor-core-dev.jar[24496] INFO  [io.quarkus] (Quarkus Main Thread) Installed features: [agroal, cdi, hibernate-orm, jdbc-postgresql, narayana-jta, smallrye-context-propagation, smallrye-graphql, vertx]
2021-12-24 02:57:50,238 desktop-jkrbp28 covid-monitor-core-dev.jar[24496] INFO  [io.qua.dep.dev.RuntimeUpdatesProcessor] (vert.x-worker-thread-0) Live reload total time: 0.970s 
2021-12-24 02:57:51,553 desktop-jkrbp28 covid-monitor-core-dev.jar[24496] INFO  [com.bla.cov.pro.con.CustomPolandDataProviderService] (vert.x-worker-thread-0) Data Provider initialized
2021-12-24 02:57:51,553 desktop-jkrbp28 covid-monitor-core-dev.jar[24496] INFO  [com.bla.cov.pro.con.CustomPolandDataProviderService] (vert.x-worker-thread-0) Starting to collect data...
2021-12-24 02:57:51,628 desktop-jkrbp28 covid-monitor-core-dev.jar[24496] ERROR [io.sma.graphql] (vert.x-worker-thread-0) SRGQL012000: Data Fetching Error: java.lang.NullPointerException: Cannot invoke "org.jsoup.nodes.Element.text()" because "newlyInfected" is null
	at com.blackpoint.covidmonitor.provider.control.CustomPolandDataProviderService.loadData(CustomPolandDataProviderService.java:31)
	at com.blackpoint.covidmonitor.provider.control.CustomPolandDataProviderService_Subclass.loadData$$superforward1(Unknown Source)
	at com.blackpoint.covidmonitor.provider.control.CustomPolandDataProviderService_Subclass$$function$$15.apply(Unknown Source)
	at io.quarkus.arc.impl.AroundInvokeInvocationContext.proceed(AroundInvokeInvocationContext.java:54)
	at io.quarkus.arc.runtime.devconsole.InvocationInterceptor.proceed(InvocationInterceptor.java:62)
	at io.quarkus.arc.runtime.devconsole.InvocationInterceptor.monitor(InvocationInterceptor.java:49)
	at io.quarkus.arc.runtime.devconsole.InvocationInterceptor_Bean.intercept(Unknown Source)
	at io.quarkus.arc.impl.InterceptorInvocation.invoke(InterceptorInvocation.java:41)
	at io.quarkus.arc.impl.AroundInvokeInvocationContext.perform(AroundInvokeInvocationContext.java:41)
	at io.quarkus.arc.impl.InvocationContexts.performAroundInvoke(InvocationContexts.java:32)
	at com.blackpoint.covidmonitor.provider.control.CustomPolandDataProviderService_Subclass.loadData(Unknown Source)
	at com.blackpoint.covidmonitor.provider.control.CustomPolandDataProviderService_ClientProxy.loadData(Unknown Source)
	at com.blackpoint.covidmonitor.provider.boundary.DataProviderResource.startDataProvider(DataProviderResource.java:24)
	at com.blackpoint.covidmonitor.provider.boundary.DataProviderResource_Subclass.startDataProvider$$superforward1(Unknown Source)
	at com.blackpoint.covidmonitor.provider.boundary.DataProviderResource_Subclass$$function$$3.apply(Unknown Source)
	at io.quarkus.arc.impl.AroundInvokeInvocationContext.proceed(AroundInvokeInvocationContext.java:54)
	at io.quarkus.arc.runtime.devconsole.InvocationInterceptor.proceed(InvocationInterceptor.java:62)
	at io.quarkus.arc.runtime.devconsole.InvocationInterceptor.monitor(InvocationInterceptor.java:49)
	at io.quarkus.arc.runtime.devconsole.InvocationInterceptor_Bean.intercept(Unknown Source)
	at io.quarkus.arc.impl.InterceptorInvocation.invoke(InterceptorInvocation.java:41)
	at io.quarkus.arc.impl.AroundInvokeInvocationContext.perform(AroundInvokeInvocationContext.java:41)
	at io.quarkus.arc.impl.InvocationContexts.performAroundInvoke(InvocationContexts.java:32)
	at com.blackpoint.covidmonitor.provider.boundary.DataProviderResource_Subclass.startDataProvider(Unknown Source)
	at java.base/jdk.internal.reflect.NativeMethodAccessorImpl.invoke0(Native Method)
	at java.base/jdk.internal.reflect.NativeMethodAccessorImpl.invoke(NativeMethodAccessorImpl.java:77)
	at java.base/jdk.internal.reflect.DelegatingMethodAccessorImpl.invoke(DelegatingMethodAccessorImpl.java:43)
	at java.base/java.lang.reflect.Method.invoke(Method.java:568)
	at io.smallrye.graphql.execution.datafetcher.helper.ReflectionHelper.invoke(ReflectionHelper.java:84)
	at io.smallrye.graphql.execution.datafetcher.DefaultDataFetcher.invokeAndTransform(DefaultDataFetcher.java:37)
	at io.smallrye.graphql.execution.datafetcher.AbstractDataFetcher.get(AbstractDataFetcher.java:53)
	at graphql.execution.ExecutionStrategy.fetchField(ExecutionStrategy.java:279)
	at graphql.execution.ExecutionStrategy.resolveFieldWithInfo(ExecutionStrategy.java:210)
	at graphql.execution.AsyncExecutionStrategy.execute(AsyncExecutionStrategy.java:60)
	at graphql.execution.Execution.executeOperation(Execution.java:159)
	at graphql.execution.Execution.execute(Execution.java:105)
	at graphql.GraphQL.execute(GraphQL.java:613)
	at graphql.GraphQL.parseValidateAndExecute(GraphQL.java:538)
	at graphql.GraphQL.executeAsync(GraphQL.java:502)
	at graphql.GraphQL.execute(GraphQL.java:433)
	at io.smallrye.graphql.execution.ExecutionService.execute(ExecutionService.java:126)
	at io.quarkus.smallrye.graphql.runtime.SmallRyeGraphQLExecutionHandler.doRequest(SmallRyeGraphQLExecutionHandler.java:299)
	at io.quarkus.smallrye.graphql.runtime.SmallRyeGraphQLExecutionHandler.handlePost(SmallRyeGraphQLExecutionHandler.java:113)
	at io.quarkus.smallrye.graphql.runtime.SmallRyeGraphQLExecutionHandler.doHandle(SmallRyeGraphQLExecutionHandler.java:73)
	at io.quarkus.smallrye.graphql.runtime.SmallRyeGraphQLAbstractHandler.handleWithIdentity(SmallRyeGraphQLAbstractHandler.java:66)
	at io.quarkus.smallrye.graphql.runtime.SmallRyeGraphQLAbstractHandler.handle(SmallRyeGraphQLAbstractHandler.java:48)
	at io.quarkus.smallrye.graphql.runtime.SmallRyeGraphQLAbstractHandler.handle(SmallRyeGraphQLAbstractHandler.java:23)
	at io.vertx.ext.web.impl.BlockingHandlerDecorator.lambda$handle$0(BlockingHandlerDecorator.java:48)
	at io.vertx.core.impl.ContextImpl.lambda$null$0(ContextImpl.java:159)
	at io.vertx.core.impl.AbstractContext.dispatch(AbstractContext.java:100)
	at io.vertx.core.impl.ContextImpl.lambda$executeBlocking$1(ContextImpl.java:157)
	at org.jboss.threads.ContextHandler$1.runWith(ContextHandler.java:18)
	at org.jboss.threads.EnhancedQueueExecutor$Task.run(EnhancedQueueExecutor.java:2449)
	at org.jboss.threads.EnhancedQueueExecutor$ThreadBody.run(EnhancedQueueExecutor.java:1478)
	at org.jboss.threads.DelegatingRunnable.run(DelegatingRunnable.java:29)
	at org.jboss.threads.ThreadLocalResettingRunnable.run(ThreadLocalResettingRunnable.java:29)
	at io.netty.util.concurrent.FastThreadLocalRunnable.run(FastThreadLocalRunnable.java:30)
	at java.base/java.lang.Thread.run(Thread.java:833)

2021-12-24 02:59:00,671 desktop-jkrbp28 covid-monitor-core-dev.jar[24496] WARN  [io.qua.dep.dev.JavaCompilationProvider] (vert.x-worker-thread-0) system modules path not set in conjunction with -source 11, line -1 in [unknown source]
2021-12-24 02:59:00,679 desktop-jkrbp28 covid-monitor-core-dev.jar[24496] INFO  [io.qua.dep.dev.RuntimeUpdatesProcessor] (vert.x-worker-thread-0) Restarting quarkus due to changes in CustomPolandDataProviderService.class, DataProviderService.class, DataProviderResource.class.
2021-12-24 02:59:00,687 desktop-jkrbp28 covid-monitor-core-dev.jar[24496] INFO  [io.quarkus] (Quarkus Main Thread) covid-monitor-core stopped in 0.008s
2021-12-24 02:59:01,331 desktop-jkrbp28 covid-monitor-core-dev.jar[24496] INFO  [io.quarkus] (Quarkus Main Thread) covid-monitor-core 1.0.0-SNAPSHOT on JVM (powered by Quarkus 2.5.4.Final) started in 0.641s. Listening on: http://localhost:8080
2021-12-24 02:59:01,331 desktop-jkrbp28 covid-monitor-core-dev.jar[24496] INFO  [io.quarkus] (Quarkus Main Thread) Profile dev activated. Live Coding activated.
2021-12-24 02:59:01,331 desktop-jkrbp28 covid-monitor-core-dev.jar[24496] INFO  [io.quarkus] (Quarkus Main Thread) Installed features: [agroal, cdi, hibernate-orm, jdbc-postgresql, narayana-jta, smallrye-context-propagation, smallrye-graphql, vertx]
2021-12-24 02:59:01,332 desktop-jkrbp28 covid-monitor-core-dev.jar[24496] INFO  [io.qua.dep.dev.RuntimeUpdatesProcessor] (vert.x-worker-thread-0) Live reload total time: 0.978s 
2021-12-24 02:59:02,552 desktop-jkrbp28 covid-monitor-core-dev.jar[24496] INFO  [com.bla.cov.pro.con.CustomPolandDataProviderService] (vert.x-worker-thread-0) Data Provider initialized
2021-12-24 02:59:02,552 desktop-jkrbp28 covid-monitor-core-dev.jar[24496] INFO  [com.bla.cov.pro.con.CustomPolandDataProviderService] (vert.x-worker-thread-0) Starting to collect data...
2021-12-24 02:59:12,630 desktop-jkrbp28 covid-monitor-core-dev.jar[24496] ERROR [com.bla.cov.pro.bou.DataProviderResource] (vert.x-worker-thread-0) Cannot load given URL
2021-12-24 02:59:44,256 desktop-jkrbp28 covid-monitor-core-dev.jar[24496] WARN  [io.qua.dep.dev.JavaCompilationProvider] (vert.x-worker-thread-0) system modules path not set in conjunction with -source 11, line -1 in [unknown source]
2021-12-24 02:59:44,262 desktop-jkrbp28 covid-monitor-core-dev.jar[24496] INFO  [io.qua.dep.dev.RuntimeUpdatesProcessor] (vert.x-worker-thread-0) Restarting quarkus due to changes in DataProviderResource.class.
2021-12-24 02:59:44,271 desktop-jkrbp28 covid-monitor-core-dev.jar[24496] INFO  [io.quarkus] (Quarkus Main Thread) covid-monitor-core stopped in 0.008s
2021-12-24 02:59:44,940 desktop-jkrbp28 covid-monitor-core-dev.jar[24496] INFO  [io.quarkus] (Quarkus Main Thread) covid-monitor-core 1.0.0-SNAPSHOT on JVM (powered by Quarkus 2.5.4.Final) started in 0.666s. Listening on: http://localhost:8080
2021-12-24 02:59:44,940 desktop-jkrbp28 covid-monitor-core-dev.jar[24496] INFO  [io.quarkus] (Quarkus Main Thread) Profile dev activated. Live Coding activated.
2021-12-24 02:59:44,940 desktop-jkrbp28 covid-monitor-core-dev.jar[24496] INFO  [io.quarkus] (Quarkus Main Thread) Installed features: [agroal, cdi, hibernate-orm, jdbc-postgresql, narayana-jta, smallrye-context-propagation, smallrye-graphql, vertx]
2021-12-24 02:59:44,940 desktop-jkrbp28 covid-monitor-core-dev.jar[24496] INFO  [io.qua.dep.dev.RuntimeUpdatesProcessor] (vert.x-worker-thread-0) Live reload total time: 0.955s 
2021-12-24 02:59:46,361 desktop-jkrbp28 covid-monitor-core-dev.jar[24496] INFO  [com.bla.cov.pro.con.CustomPolandDataProviderService] (vert.x-worker-thread-0) Data Provider initialized
2021-12-24 02:59:46,361 desktop-jkrbp28 covid-monitor-core-dev.jar[24496] INFO  [com.bla.cov.pro.con.CustomPolandDataProviderService] (vert.x-worker-thread-0) Starting to collect data...
2021-12-24 02:59:56,442 desktop-jkrbp28 covid-monitor-core-dev.jar[24496] ERROR [com.bla.cov.pro.bou.DataProviderResource] (vert.x-worker-thread-0) Cannot load given URL: Cannot invoke "org.jsoup.nodes.Element.text()" because "newlyInfected" is null
2021-12-24 03:01:28,775 desktop-jkrbp28 covid-monitor-core-dev.jar[24496] INFO  [com.bla.cov.pro.con.CustomPolandDataProviderService] (vert.x-worker-thread-0) Data Provider initialized
2021-12-24 03:01:28,775 desktop-jkrbp28 covid-monitor-core-dev.jar[24496] INFO  [com.bla.cov.pro.con.CustomPolandDataProviderService] (vert.x-worker-thread-0) Starting to collect data...
